{
  "RSpec": {
    "coverage": {
      "/Users/nicholasmcenroe/turing_work/4mod/intermission/take_home/take_home_be/config/environment.rb": {
        "lines": [
          null,
          1,
          null,
          null,
          1
        ]
      },
      "/Users/nicholasmcenroe/turing_work/4mod/intermission/take_home/take_home_be/config/application.rb": {
        "lines": [
          1,
          null,
          1,
          null,
          1,
          1,
          1,
          1,
          1,
          1,
          1,
          1,
          1,
          1,
          null,
          null,
          null,
          null,
          1,
          null,
          1,
          1,
          null,
          1,
          null,
          null,
          null,
          null,
          null,
          null,
          null,
          null,
          null,
          null,
          null,
          null,
          1,
          null,
          null
        ]
      },
      "/Users/nicholasmcenroe/turing_work/4mod/intermission/take_home/take_home_be/config/boot.rb": {
        "lines": [
          1,
          null,
          1,
          1
        ]
      },
      "/Users/nicholasmcenroe/turing_work/4mod/intermission/take_home/take_home_be/config/environments/test.rb": {
        "lines": [
          1,
          null,
          null,
          null,
          null,
          null,
          null,
          1,
          null,
          null,
          null,
          1,
          null,
          null,
          null,
          null,
          1,
          null,
          null,
          1,
          1,
          null,
          null,
          null,
          null,
          1,
          1,
          1,
          null,
          null,
          1,
          null,
          null,
          1,
          null,
          null,
          1,
          null,
          1,
          null,
          null,
          null,
          null,
          1,
          null,
          null,
          1,
          null,
          null,
          1,
          null,
          null,
          1,
          null,
          null,
          null,
          null,
          null,
          null,
          null
        ]
      },
      "/Users/nicholasmcenroe/turing_work/4mod/intermission/take_home/take_home_be/config/initializers/cors.rb": {
        "lines": [
          null,
          null,
          null,
          null,
          null,
          null,
          null,
          null,
          null,
          null,
          null,
          null,
          null,
          null,
          null,
          null
        ]
      },
      "/Users/nicholasmcenroe/turing_work/4mod/intermission/take_home/take_home_be/config/initializers/filter_parameter_logging.rb": {
        "lines": [
          null,
          null,
          null,
          null,
          null,
          1,
          null,
          null
        ]
      },
      "/Users/nicholasmcenroe/turing_work/4mod/intermission/take_home/take_home_be/config/initializers/inflections.rb": {
        "lines": [
          null,
          null,
          null,
          null,
          null,
          null,
          null,
          null,
          null,
          null,
          null,
          null,
          null,
          null,
          null,
          null
        ]
      },
      "/Users/nicholasmcenroe/turing_work/4mod/intermission/take_home/take_home_be/spec/factories/customers.rb": {
        "lines": [
          1,
          1,
          2,
          2,
          2,
          2,
          null,
          null
        ]
      },
      "/Users/nicholasmcenroe/turing_work/4mod/intermission/take_home/take_home_be/spec/factories/subscriptions.rb": {
        "lines": [
          1,
          1,
          1,
          1,
          1,
          1,
          1,
          1,
          null,
          null
        ]
      },
      "/Users/nicholasmcenroe/turing_work/4mod/intermission/take_home/take_home_be/spec/factories/teas.rb": {
        "lines": [
          1,
          1,
          2,
          2,
          2,
          2,
          null,
          null
        ]
      },
      "/Users/nicholasmcenroe/turing_work/4mod/intermission/take_home/take_home_be/config/routes.rb": {
        "lines": [
          1,
          null,
          null,
          null,
          null,
          1,
          1,
          1,
          null,
          null,
          null
        ]
      },
      "/Users/nicholasmcenroe/turing_work/4mod/intermission/take_home/take_home_be/spec/models/customer_spec.rb": {
        "lines": [
          1,
          null,
          1,
          1,
          2,
          2,
          null,
          null,
          1,
          2,
          2,
          2,
          2,
          null,
          null
        ]
      },
      "/Users/nicholasmcenroe/turing_work/4mod/intermission/take_home/take_home_be/app/models/customer.rb": {
        "lines": [
          1,
          1,
          1,
          null,
          1,
          1,
          1,
          1,
          null
        ]
      },
      "/Users/nicholasmcenroe/turing_work/4mod/intermission/take_home/take_home_be/app/models/application_record.rb": {
        "lines": [
          1,
          1,
          null
        ]
      },
      "/Users/nicholasmcenroe/turing_work/4mod/intermission/take_home/take_home_be/spec/models/subscription_spec.rb": {
        "lines": [
          1,
          null,
          1,
          1,
          2,
          2,
          null,
          null,
          1,
          2,
          2,
          2,
          2,
          null,
          null
        ]
      },
      "/Users/nicholasmcenroe/turing_work/4mod/intermission/take_home/take_home_be/app/models/subscription.rb": {
        "lines": [
          1,
          1,
          1,
          null,
          1,
          1,
          1,
          1,
          null,
          1,
          null
        ]
      },
      "/Users/nicholasmcenroe/turing_work/4mod/intermission/take_home/take_home_be/spec/models/tea_spec.rb": {
        "lines": [
          1,
          null,
          1,
          1,
          2,
          2,
          null,
          null,
          1,
          2,
          2,
          2,
          2,
          null,
          null
        ]
      },
      "/Users/nicholasmcenroe/turing_work/4mod/intermission/take_home/take_home_be/app/models/tea.rb": {
        "lines": [
          1,
          1,
          1,
          null,
          1,
          1,
          1,
          1,
          null
        ]
      },
      "/Users/nicholasmcenroe/turing_work/4mod/intermission/take_home/take_home_be/app/controllers/api/v1/subscriptions_controller.rb": {
        "lines": [
          1,
          1,
          1,
          null,
          1,
          1,
          null,
          0,
          null,
          null,
          null,
          1,
          null,
          1,
          1,
          null,
          null
        ]
      },
      "/Users/nicholasmcenroe/turing_work/4mod/intermission/take_home/take_home_be/app/controllers/application_controller.rb": {
        "lines": [
          1,
          null
        ]
      },
      "/Users/nicholasmcenroe/turing_work/4mod/intermission/take_home/take_home_be/app/serializers/subscription_serializer.rb": {
        "lines": [
          1,
          1,
          1,
          null
        ]
      }
    },
    "timestamp": 1700934529
  }
}
